# JRE version: OpenJDK Runtime Environment Microsoft-8035246 (17.0.8+7) (build 17.0.8+7-LTS)
# Java VM: OpenJDK 64-Bit Server VM Microsoft-8035246 (17.0.8+7-LTS, mixed mode, sharing, tiered, compressed oops, compressed class ptrs, g1 gc, windows-amd64)
GC Precious Log:
 CPUs: 4 total, 4 available
 Memory: 16270M
 Large Page Support: Disabled
 NUMA Support: Disabled
 Compressed Oops: Enabled (32-bit)
 Heap Region Size: 1M
 Heap Min Capacity: 8M
 Heap Initial Capacity: 256M
 Heap Max Capacity: 2G
 Pre-touch: Disabled
 Parallel Workers: 4
 Concurrent Workers: 1
 Concurrent Refinement Workers: 4
 Periodic GC: Disabled
Heap:
 garbage-first heap   total 493568K, used 253613K [0x0000000080000000, 0x0000000100000000)
  region size 1024K, 85 young (87040K), 4 survivors (4096K)
 Metaspace       used 98898K, committed 99968K, reserved 557056K
  class space    used 13811K, committed 14272K, reserved 425984K
GC Heap History (20 events):
Event: 31.271 GC heap before
{Heap before GC invocations=53 (full 0):
 garbage-first heap   total 172032K, used 138757K [0x0000000080000000, 0x0000000100000000)
  region size 1024K, 46 young (47104K), 2 survivors (2048K)
 Metaspace       used 85246K, committed 86080K, reserved 557056K
  class space    used 12050K, committed 12480K, reserved 425984K
}
Event: 31.277 GC heap after
{Heap after GC invocations=54 (full 0):
 garbage-first heap   total 172032K, used 96841K [0x0000000080000000, 0x0000000100000000)
  region size 1024K, 6 young (6144K), 6 survivors (6144K)
 Metaspace       used 85246K, committed 86080K, reserved 557056K
  class space    used 12050K, committed 12480K, reserved 425984K
}
Event: 31.290 GC heap before
{Heap before GC invocations=54 (full 0):
 garbage-first heap   total 172032K, used 98889K [0x0000000080000000, 0x0000000100000000)
  region size 1024K, 8 young (8192K), 6 survivors (6144K)
 Metaspace       used 85250K, committed 86080K, reserved 557056K
  class space    used 12051K, committed 12480K, reserved 425984K
}
Event: 31.297 GC heap after
{Heap after GC invocations=55 (full 0):
 garbage-first heap   total 246784K, used 97152K [0x0000000080000000, 0x0000000100000000)
  region size 1024K, 1 young (1024K), 1 survivors (1024K)
 Metaspace       used 85250K, committed 86080K, reserved 557056K
  class space    used 12051K, committed 12480K, reserved 425984K
}
Event: 33.061 GC heap before
{Heap before GC invocations=55 (full 0):
 garbage-first heap   total 246784K, used 195456K [0x0000000080000000, 0x0000000100000000)
  region size 1024K, 94 young (96256K), 1 survivors (1024K)
 Metaspace       used 87936K, committed 88832K, reserved 557056K
  class space    used 12423K, committed 12864K, reserved 425984K
}
Event: 33.072 GC heap after
{Heap after GC invocations=56 (full 0):
 garbage-first heap   total 246784K, used 116537K [0x0000000080000000, 0x0000000100000000)
  region size 1024K, 12 young (12288K), 12 survivors (12288K)
 Metaspace       used 87936K, committed 88832K, reserved 557056K
  class space    used 12423K, committed 12864K, reserved 425984K
}
Event: 34.495 GC heap before
{Heap before GC invocations=56 (full 0):
 garbage-first heap   total 246784K, used 195385K [0x0000000080000000, 0x0000000100000000)
  region size 1024K, 86 young (88064K), 12 survivors (12288K)
 Metaspace       used 89884K, committed 90816K, reserved 557056K
  class space    used 12617K, committed 12992K, reserved 425984K
}
Event: 34.513 GC heap after
{Heap after GC invocations=57 (full 0):
 garbage-first heap   total 246784K, used 137579K [0x0000000080000000, 0x0000000100000000)
  region size 1024K, 11 young (11264K), 11 survivors (11264K)
 Metaspace       used 89884K, committed 90816K, reserved 557056K
  class space    used 12617K, committed 12992K, reserved 425984K
}
Event: 35.596 GC heap before
{Heap before GC invocations=57 (full 0):
 garbage-first heap   total 246784K, used 192875K [0x0000000080000000, 0x0000000100000000)
  region size 1024K, 64 young (65536K), 11 survivors (11264K)
 Metaspace       used 90692K, committed 91648K, reserved 557056K
  class space    used 12713K, committed 13120K, reserved 425984K
}
Event: 35.613 GC heap after
{Heap after GC invocations=58 (full 0):
 garbage-first heap   total 246784K, used 149504K [0x0000000080000000, 0x0000000100000000)
  region size 1024K, 8 young (8192K), 8 survivors (8192K)
 Metaspace       used 90692K, committed 91648K, reserved 557056K
  class space    used 12713K, committed 13120K, reserved 425984K
}
Event: 36.347 GC heap before
{Heap before GC invocations=58 (full 0):
 garbage-first heap   total 246784K, used 196608K [0x0000000080000000, 0x0000000100000000)
  region size 1024K, 54 young (55296K), 8 survivors (8192K)
 Metaspace       used 94270K, committed 95296K, reserved 557056K
  class space    used 13251K, committed 13696K, reserved 425984K
}
Event: 36.363 GC heap after
{Heap after GC invocations=59 (full 0):
 garbage-first heap   total 246784K, used 153295K [0x0000000080000000, 0x0000000100000000)
  region size 1024K, 3 young (3072K), 3 survivors (3072K)
 Metaspace       used 94270K, committed 95296K, reserved 557056K
  class space    used 13251K, committed 13696K, reserved 425984K
}
Event: 37.144 GC heap before
{Heap before GC invocations=59 (full 0):
 garbage-first heap   total 246784K, used 200399K [0x0000000080000000, 0x0000000100000000)
  region size 1024K, 49 young (50176K), 3 survivors (3072K)
 Metaspace       used 96410K, committed 97472K, reserved 557056K
  class space    used 13521K, committed 14016K, reserved 425984K
}
Event: 37.157 GC heap after
{Heap after GC invocations=60 (full 0):
 garbage-first heap   total 246784K, used 159125K [0x0000000080000000, 0x0000000100000000)
  region size 1024K, 7 young (7168K), 7 survivors (7168K)
 Metaspace       used 96410K, committed 97472K, reserved 557056K
  class space    used 13521K, committed 14016K, reserved 425984K
}
Event: 37.611 GC heap before
{Heap before GC invocations=60 (full 0):
 garbage-first heap   total 246784K, used 202133K [0x0000000080000000, 0x0000000100000000)
  region size 1024K, 49 young (50176K), 7 survivors (7168K)
 Metaspace       used 97224K, committed 98240K, reserved 557056K
  class space    used 13610K, committed 14080K, reserved 425984K
}
Event: 37.623 GC heap after
{Heap after GC invocations=61 (full 0):
 garbage-first heap   total 246784K, used 164270K [0x0000000080000000, 0x0000000100000000)
  region size 1024K, 6 young (6144K), 6 survivors (6144K)
 Metaspace       used 97224K, committed 98240K, reserved 557056K
  class space    used 13610K, committed 14080K, reserved 425984K
}
Event: 38.051 GC heap before
{Heap before GC invocations=61 (full 0):
 garbage-first heap   total 246784K, used 204206K [0x0000000080000000, 0x0000000100000000)
  region size 1024K, 45 young (46080K), 6 survivors (6144K)
 Metaspace       used 97648K, committed 98752K, reserved 557056K
  class space    used 13649K, committed 14144K, reserved 425984K
}
Event: 38.060 GC heap after
{Heap after GC invocations=62 (full 0):
 garbage-first heap   total 246784K, used 168442K [0x0000000080000000, 0x0000000100000000)
  region size 1024K, 5 young (5120K), 5 survivors (5120K)
 Metaspace       used 97648K, committed 98752K, reserved 557056K
  class space    used 13649K, committed 14144K, reserved 425984K
}
Event: 38.626 GC heap before
{Heap before GC invocations=62 (full 0):
 garbage-first heap   total 246784K, used 205306K [0x0000000080000000, 0x0000000100000000)
  region size 1024K, 42 young (43008K), 5 survivors (5120K)
 Metaspace       used 98454K, committed 99520K, reserved 557056K
  class space    used 13756K, committed 14208K, reserved 425984K
}
Event: 38.637 GC heap after
{Heap after GC invocations=63 (full 0):
 garbage-first heap   total 493568K, used 171693K [0x0000000080000000, 0x0000000100000000)
  region size 1024K, 4 young (4096K), 4 survivors (4096K)
 Metaspace       used 98454K, committed 99520K, reserved 557056K
  class space    used 13756K, committed 14208K, reserved 425984K
}

